Daemon process terminated and closed the connection

Messages from the log:
[NX v22.3.3 Daemon Server] - 2026-01-14T16:04:51.673Z - Closed a connection. Number of open connections: 0
[NX v22.3.3 Daemon Server] - 2026-01-14T16:04:51.678Z - Established a connection. Number of open connections: 1
[NX v22.3.3 Daemon Server] - 2026-01-14T16:04:51.678Z - Closed a connection. Number of open connections: 0
[NX v22.3.3 Daemon Server] - 2026-01-14T16:04:51.679Z - Established a connection. Number of open connections: 1
[NX v22.3.3 Daemon Server] - 2026-01-14T16:04:51.688Z - Received raw message of length 32
[NX v22.3.3 Daemon Server] - 2026-01-14T16:04:51.688Z - Received json message of type REQUEST_PROJECT_GRAPH
[NX v22.3.3 Daemon Server] - 2026-01-14T16:04:51.688Z - [REQUEST]: Client Request for Project Graph Received
[NX v22.3.3 Daemon Server] - 2026-01-14T16:04:51.688Z - Time taken for 'loadSpecifiedNxPlugins' 1.2822079999999971ms
Time for 'plugin worker 17513 code loading' 1.8416669999999993
Time for 'plugin worker 17515 code loading' 1.6823750000000004
Time for 'plugin worker 17514 code loading' 2.091959000000001
[NX v22.3.3 Daemon Server] - 2026-01-14T16:04:51.742Z - Started listening on: /private/var/folders/6m/gv9kc0d160lbn75bk3r_bn200000gn/T/59a1e9c185485b369e3c/d.sock
[NX v22.3.3 Daemon Server] - 2026-01-14T16:04:51.743Z - [WATCHER]: Subscribed to changes within: /Users/ale/Progetti/DOBMilano (native)
[NX v22.3.3 Daemon Server] - 2026-01-14T16:04:51.743Z - [NX-CONSOLE]: Pulling latest Nx (latest) to check console status...
Fetching nx...
[NX v22.3.3 Daemon Server] - 2026-01-14T16:04:51.756Z - Closed a connection. Number of open connections: 0
[NX v22.3.3 Daemon Server] - 2026-01-14T16:04:51.756Z - [WATCHER]: Stopping the watcher for /Users/ale/Progetti/DOBMilano (sources)
[NX v22.3.3 Daemon Server] - 2026-01-14T16:04:51.756Z - [WATCHER]: Stopping the watcher for /Users/ale/Progetti/DOBMilano (outputs)
[NX v22.3.3 Daemon Server] - 2026-01-14T16:04:51.756Z - Server stopped because: "this process is no longer the current daemon (native)"



More information: /Users/ale/Progetti/DOBMilano/.nx/workspace-data/d/daemon.log